Using pre-set license
Built from '2022.3/staging' branch; Version is '2022.3.60f1 (5f63fdee6d95) revision 6251517'; Using compiler version '192829333'; Build Type 'Release'
OS: 'Windows 11  (10.0.22631) 64bit Enterprise' Language: 'en' Physical Memory: 65222 MB
BatchMode: 1, IsHumanControllingUs: 0, StartBugReporterOnCrash: 0, Is64bit: 1, IsPro: 1

COMMAND LINE ARGUMENTS:
C:\Program Files\Unity\Hub\Editor\2022.3.60f1\Editor\Unity.exe
-adb2
-batchMode
-noUpm
-name
AssetImportWorker46
-projectPath
C:/Users/PRSCAMPS/Documents/GitHub/NEWProjekt/noiceprojekt
-logFile
Logs/AssetImportWorker46.log
-srvPort
62549
Successfully changed project path to: C:/Users/PRSCAMPS/Documents/GitHub/NEWProjekt/noiceprojekt
C:/Users/PRSCAMPS/Documents/GitHub/NEWProjekt/noiceprojekt
[UnityMemory] Configuration Parameters - Can be set up in boot.config
    "memorysetup-bucket-allocator-granularity=16"
    "memorysetup-bucket-allocator-bucket-count=8"
    "memorysetup-bucket-allocator-block-size=33554432"
    "memorysetup-bucket-allocator-block-count=8"
    "memorysetup-main-allocator-block-size=16777216"
    "memorysetup-thread-allocator-block-size=16777216"
    "memorysetup-gfx-main-allocator-block-size=16777216"
    "memorysetup-gfx-thread-allocator-block-size=16777216"
    "memorysetup-cache-allocator-block-size=4194304"
    "memorysetup-typetree-allocator-block-size=2097152"
    "memorysetup-profiler-bucket-allocator-granularity=16"
    "memorysetup-profiler-bucket-allocator-bucket-count=8"
    "memorysetup-profiler-bucket-allocator-block-size=33554432"
    "memorysetup-profiler-bucket-allocator-block-count=8"
    "memorysetup-profiler-allocator-block-size=16777216"
    "memorysetup-profiler-editor-allocator-block-size=1048576"
    "memorysetup-temp-allocator-size-main=16777216"
    "memorysetup-job-temp-allocator-block-size=2097152"
    "memorysetup-job-temp-allocator-block-size-background=1048576"
    "memorysetup-job-temp-allocator-reduction-small-platforms=262144"
    "memorysetup-allocator-temp-initial-block-size-main=262144"
    "memorysetup-allocator-temp-initial-block-size-worker=262144"
    "memorysetup-temp-allocator-size-background-worker=32768"
    "memorysetup-temp-allocator-size-job-worker=262144"
    "memorysetup-temp-allocator-size-preload-manager=33554432"
    "memorysetup-temp-allocator-size-nav-mesh-worker=65536"
    "memorysetup-temp-allocator-size-audio-worker=65536"
    "memorysetup-temp-allocator-size-cloud-worker=32768"
    "memorysetup-temp-allocator-size-gi-baking-worker=262144"
    "memorysetup-temp-allocator-size-gfx=262144"
Player connection [18020]  Target information:

Player connection [18020]  * "[IP] 172.19.161.58 [Port] 0 [Flags] 2 [Guid] 297428852 [EditorId] 297428852 [Version] 1048832 [Id] WindowsEditor(7,B43-123-C03) [Debug] 1 [PackageName] WindowsEditor [ProjectName] Editor" 

Player connection [18020]  * "[IP] 192.168.56.1 [Port] 0 [Flags] 2 [Guid] 297428852 [EditorId] 297428852 [Version] 1048832 [Id] WindowsEditor(7,B43-123-C03) [Debug] 1 [PackageName] WindowsEditor [ProjectName] Editor" 

Player connection [18020]  * "[IP] 172.20.128.1 [Port] 0 [Flags] 2 [Guid] 297428852 [EditorId] 297428852 [Version] 1048832 [Id] WindowsEditor(7,B43-123-C03) [Debug] 1 [PackageName] WindowsEditor [ProjectName] Editor" 

Player connection [18020] Host joined multi-casting on [225.0.0.222:54997]...
Player connection [18020] Host joined alternative multi-casting on [225.0.0.222:34997]...
Input System module state changed to: Initialized.
[PhysX] Initialized MultithreadedTaskDispatcher with 32 workers.
Refreshing native plugins compatible for Editor in 5.40 ms, found 3 plugins.
Preloading 0 native plugins for Editor in 0.00 ms.
Initialize engine version: 2022.3.60f1 (5f63fdee6d95)
[Subsystems] Discovering subsystems at path C:/Program Files/Unity/Hub/Editor/2022.3.60f1/Editor/Data/Resources/UnitySubsystems
[Subsystems] Discovering subsystems at path C:/Users/PRSCAMPS/Documents/GitHub/NEWProjekt/noiceprojekt/Assets
GfxDevice: creating device client; threaded=0; jobified=0
Direct3D:
    Version:  Direct3D 11.0 [level 11.1]
    Renderer: NVIDIA GeForce RTX 4090 (ID=0x2684)
    Vendor:   NVIDIA
    VRAM:     24142 MB
    Driver:   32.0.15.7283
Initialize mono
Mono path[0] = 'C:/Program Files/Unity/Hub/Editor/2022.3.60f1/Editor/Data/Managed'
Mono path[1] = 'C:/Program Files/Unity/Hub/Editor/2022.3.60f1/Editor/Data/MonoBleedingEdge/lib/mono/unityjit-win32'
Mono config path = 'C:/Program Files/Unity/Hub/Editor/2022.3.60f1/Editor/Data/MonoBleedingEdge/etc'
Using monoOptions --debugger-agent=transport=dt_socket,embedding=1,server=y,suspend=n,address=127.0.0.1:56612
Begin MonoManager ReloadAssembly
Registering precompiled unity dll's ...
Register platform support module: C:/Program Files/Unity/Hub/Editor/2022.3.60f1/Editor/Data/PlaybackEngines/WebGLSupport/UnityEditor.WebGL.Extensions.dll
Register platform support module: C:/Program Files/Unity/Hub/Editor/2022.3.60f1/Editor/Data/PlaybackEngines/WindowsStandaloneSupport/UnityEditor.WindowsStandalone.Extensions.dll
Register platform support module: C:/Program Files/Unity/Hub/Editor/2022.3.60f1/Editor/Data/PlaybackEngines/MetroSupport/UnityEditor.UWP.Extensions.dll
Registered in 0.007599 seconds.
- Loaded All Assemblies, in  0.503 seconds
Native extension for UWP target not found
Native extension for WindowsStandalone target not found
Native extension for WebGL target not found
Mono: successfully reloaded assembly
- Finished resetting the current domain, in  0.196 seconds
Domain Reload Profiling: 697ms
	BeginReloadAssembly (223ms)
		ExecutionOrderSort (0ms)
		DisableScriptedObjects (0ms)
		BackupInstance (0ms)
		ReleaseScriptingObjects (0ms)
		CreateAndSetChildDomain (2ms)
	RebuildCommonClasses (38ms)
	RebuildNativeTypeToScriptingClass (9ms)
	initialDomainReloadingComplete (55ms)
	LoadAllAssembliesAndSetupDomain (176ms)
		LoadAssemblies (223ms)
		RebuildTransferFunctionScriptingTraits (0ms)
		AnalyzeDomain (170ms)
			TypeCache.Refresh (170ms)
				TypeCache.ScanAssembly (158ms)
			ScanForSourceGeneratedMonoScriptInfo (0ms)
			ResolveRequiredComponents (0ms)
	FinalizeReload (196ms)
		ReleaseScriptCaches (0ms)
		RebuildScriptCaches (0ms)
		SetupLoadedEditorAssemblies (161ms)
			LogAssemblyErrors (0ms)
			InitializePlatformSupportModulesInManaged (9ms)
			SetLoadedEditorAssemblies (4ms)
			RefreshPlugins (0ms)
			BeforeProcessingInitializeOnLoad (1ms)
			ProcessInitializeOnLoadAttributes (111ms)
			ProcessInitializeOnLoadMethodAttributes (35ms)
			AfterProcessingInitializeOnLoad (0ms)
			EditorAssembliesLoaded (0ms)
		ExecutionOrderSort2 (0ms)
		AwakeInstancesAfterBackupRestoration (0ms)
========================================================================
Worker process is ready to serve import requests
Caller must complete domain reload
Begin MonoManager ReloadAssembly
- Loaded All Assemblies, in  0.381 seconds
Native extension for UWP target not found
Native extension for WindowsStandalone target not found
Native extension for WebGL target not found
Mono: successfully reloaded assembly
- Finished resetting the current domain, in  0.315 seconds
Domain Reload Profiling: 696ms
	BeginReloadAssembly (84ms)
		ExecutionOrderSort (0ms)
		DisableScriptedObjects (3ms)
		BackupInstance (0ms)
		ReleaseScriptingObjects (0ms)
		CreateAndSetChildDomain (14ms)
	RebuildCommonClasses (18ms)
	RebuildNativeTypeToScriptingClass (6ms)
	initialDomainReloadingComplete (22ms)
	LoadAllAssembliesAndSetupDomain (251ms)
		LoadAssemblies (194ms)
		RebuildTransferFunctionScriptingTraits (0ms)
		AnalyzeDomain (104ms)
			TypeCache.Refresh (88ms)
				TypeCache.ScanAssembly (77ms)
			ScanForSourceGeneratedMonoScriptInfo (10ms)
			ResolveRequiredComponents (5ms)
	FinalizeReload (316ms)
		ReleaseScriptCaches (0ms)
		RebuildScriptCaches (0ms)
		SetupLoadedEditorAssemblies (240ms)
			LogAssemblyErrors (0ms)
			InitializePlatformSupportModulesInManaged (5ms)
			SetLoadedEditorAssemblies (2ms)
			RefreshPlugins (0ms)
			BeforeProcessingInitializeOnLoad (31ms)
			ProcessInitializeOnLoadAttributes (188ms)
			ProcessInitializeOnLoadMethodAttributes (12ms)
			AfterProcessingInitializeOnLoad (2ms)
			EditorAssembliesLoaded (0ms)
		ExecutionOrderSort2 (0ms)
		AwakeInstancesAfterBackupRestoration (3ms)
Launched and connected shader compiler UnityShaderCompiler.exe after 0.10 seconds
Refreshing native plugins compatible for Editor in 2.62 ms, found 3 plugins.
Preloading 0 native plugins for Editor in 0.00 ms.
Unloading 3369 Unused Serialized files (Serialized files now loaded: 0)
Unloading 32 unused Assets / (138.4 KB). Loaded Objects now: 3848.
Memory consumption went from 136.4 MB to 136.3 MB.
Total: 2.916300 ms (FindLiveObjects: 0.184000 ms CreateObjectMapping: 0.073500 ms MarkObjects: 2.509700 ms  DeleteObjects: 0.148300 ms)

AssetImportParameters requested are different than current active one (requested -> active):
  custom:container-demuxer-ogg: 62fdf1f143b41e24485cea50d1cbac27 -> 
  custom:video-codec-MediaFoundation-h265: 746d11721c4dcdbdad8f713fa42b33f4 -> 
  custom:video-decoder-ogg-theora: a1e56fd34408186e4bbccfd4996cb3dc -> 
  custom:framework-win-MediaFoundation: 216162199b28c13a410421893ffa2e32 -> 
  custom:CustomObjectIndexerAttribute: 9a22284fe3817be447336de3de66b15e -> 
  custom:container-demuxer-webm: 4f35f7cbe854078d1ac9338744f61a02 -> 
  custom:container-muxer-webm: aa71ff27fc2769a1b78a27578f13a17b -> 
  custom:video-decoder-webm-vp8: 9c59270c3fd7afecdb556c50c9e8de78 -> 
  custom:SearchIndexIgnoredProperties: e643bd26f0fe6173181afceb89e7c659 -> 
  custom:AudioImporter_EditorPlatform: d09bf68614088b80899f8185d706f6e7 -> 
  custom:video-encoder-webm-vp8: eb34c28f22e8b96e1ab97ce403110664 -> 
  custom:audio-decoder-ogg-vorbis: bf7c407c2cedff20999df2af8eb42d56 -> 
  custom:audio-encoder-webm-vorbis: bf7c407c2cedff20999df2af8eb42d56 -> 
========================================================================
Received Import Request.
  Time since last request: 47503.445638 seconds.
  path: Packages/com.unity.timeline/Editor/StyleSheets/Images/Icons/TimelineClipBG.png
  artifactKey: Guid(d44fc8b11425e0043aa7c20a301ce707) Importer(815301076,1909f56bfc062723c751e8b465ee728b)
Start importing Packages/com.unity.timeline/Editor/StyleSheets/Images/Icons/TimelineClipBG.png using Guid(d44fc8b11425e0043aa7c20a301ce707) Importer(815301076,1909f56bfc062723c751e8b465ee728b) [PhysX] Initialized MultithreadedTaskDispatcher with 32 workers.
[PhysX] Initialized MultithreadedTaskDispatcher with 32 workers.
 -> (artifact id: '74c6c947d28aa25d040b3a91858e83d0') in 0.084684 seconds
Number of updated asset objects reloaded before import = 0
Number of asset objects unloaded after import = 2
========================================================================
Received Import Request.
  Time since last request: 54.028707 seconds.
  path: Assets/HQP STUDIOS/Low Poly Trees and Vegetation - Pack/Prefabs/Trees/Acacia Trees/Acacia Trees/Acacia_Tree_5.prefab
  artifactKey: Guid(2aa2dd28d829e1e4e81873a040932388) Importer(815301076,1909f56bfc062723c751e8b465ee728b)
Start importing Assets/HQP STUDIOS/Low Poly Trees and Vegetation - Pack/Prefabs/Trees/Acacia Trees/Acacia Trees/Acacia_Tree_5.prefab using Guid(2aa2dd28d829e1e4e81873a040932388) Importer(815301076,1909f56bfc062723c751e8b465ee728b) [PhysX] Initialized MultithreadedTaskDispatcher with 32 workers.
[PhysX] Initialized MultithreadedTaskDispatcher with 32 workers.
 -> (artifact id: 'bf5bac6b53b08e7a8c79115c0d04eeb5') in 0.280001 seconds
Number of updated asset objects reloaded before import = 0
Number of asset objects unloaded after import = 16
========================================================================
Received Import Request.
  Time since last request: 0.340840 seconds.
  path: Assets/SubstanceAssets/LittleGamesPack/Prefabs/Individual Pieces/Cards/Clubs/Card_Club6.prefab
  artifactKey: Guid(bf75833717328c748bbbef20e8986a16) Importer(815301076,1909f56bfc062723c751e8b465ee728b)
Start importing Assets/SubstanceAssets/LittleGamesPack/Prefabs/Individual Pieces/Cards/Clubs/Card_Club6.prefab using Guid(bf75833717328c748bbbef20e8986a16) Importer(815301076,1909f56bfc062723c751e8b465ee728b) [PhysX] Initialized MultithreadedTaskDispatcher with 32 workers.
[PhysX] Initialized MultithreadedTaskDispatcher with 32 workers.
 -> (artifact id: 'a89fa8444252ab134370f2b72c4f559e') in 0.296052 seconds
Number of updated asset objects reloaded before import = 0
Number of asset objects unloaded after import = 15
========================================================================
Received Import Request.
  Time since last request: 0.000025 seconds.
  path: Assets/SubstanceAssets/LittleGamesPack/Prefabs/Individual Pieces/Cards/Hearts/Card_Heart8.prefab
  artifactKey: Guid(39fbfd07b1e7f7544808e6fb53f81248) Importer(815301076,1909f56bfc062723c751e8b465ee728b)
Start importing Assets/SubstanceAssets/LittleGamesPack/Prefabs/Individual Pieces/Cards/Hearts/Card_Heart8.prefab using Guid(39fbfd07b1e7f7544808e6fb53f81248) Importer(815301076,1909f56bfc062723c751e8b465ee728b) [PhysX] Initialized MultithreadedTaskDispatcher with 32 workers.
[PhysX] Initialized MultithreadedTaskDispatcher with 32 workers.
 -> (artifact id: '6cc3d4bb3c1eba41880ace75597f8fe5') in 0.078810 seconds
Number of updated asset objects reloaded before import = 0
Number of asset objects unloaded after import = 15
========================================================================
Received Import Request.
  Time since last request: 0.000068 seconds.
  path: Assets/SubstanceAssets/LittleGamesPack/Prefabs/Individual Pieces/Cards/Diamonds/Card_Diamond7.prefab
  artifactKey: Guid(4c9cc37de253b5f4080dedfeea6353c4) Importer(815301076,1909f56bfc062723c751e8b465ee728b)
Start importing Assets/SubstanceAssets/LittleGamesPack/Prefabs/Individual Pieces/Cards/Diamonds/Card_Diamond7.prefab using Guid(4c9cc37de253b5f4080dedfeea6353c4) Importer(815301076,1909f56bfc062723c751e8b465ee728b) [PhysX] Initialized MultithreadedTaskDispatcher with 32 workers.
[PhysX] Initialized MultithreadedTaskDispatcher with 32 workers.
 -> (artifact id: '14f25e8862c0715f57422cf7c8a768af') in 0.060126 seconds
Number of updated asset objects reloaded before import = 0
Number of asset objects unloaded after import = 15
========================================================================
Received Import Request.
  Time since last request: 0.000028 seconds.
  path: Assets/SubstanceAssets/LittleGamesPack/Models/Cards/Card_Spade3.fbx
  artifactKey: Guid(4f83837a08959da4897b514880b8a3d4) Importer(815301076,1909f56bfc062723c751e8b465ee728b)
Start importing Assets/SubstanceAssets/LittleGamesPack/Models/Cards/Card_Spade3.fbx using Guid(4f83837a08959da4897b514880b8a3d4) Importer(815301076,1909f56bfc062723c751e8b465ee728b) [PhysX] Initialized MultithreadedTaskDispatcher with 32 workers.
[PhysX] Initialized MultithreadedTaskDispatcher with 32 workers.
[PhysX] Initialized MultithreadedTaskDispatcher with 32 workers.
[PhysX] Initialized MultithreadedTaskDispatcher with 32 workers.
 -> (artifact id: '18b8aac5b58abf893ffbe2e6025ab9a8') in 0.044900 seconds
Number of updated asset objects reloaded before import = 0
Number of asset objects unloaded after import = 8
========================================================================
Received Import Request.
  Time since last request: 0.000021 seconds.
  path: Assets/SubstanceAssets/LittleGamesPack/Prefabs/Individual Pieces/Cards/Hearts/Card_Heart2.prefab
  artifactKey: Guid(831bdb67d06fc234d953ba6d2badc31b) Importer(815301076,1909f56bfc062723c751e8b465ee728b)
Start importing Assets/SubstanceAssets/LittleGamesPack/Prefabs/Individual Pieces/Cards/Hearts/Card_Heart2.prefab using Guid(831bdb67d06fc234d953ba6d2badc31b) Importer(815301076,1909f56bfc062723c751e8b465ee728b) [PhysX] Initialized MultithreadedTaskDispatcher with 32 workers.
[PhysX] Initialized MultithreadedTaskDispatcher with 32 workers.
 -> (artifact id: 'ca2f8328db4ac5bf4ff8fdb44560c05b') in 0.063487 seconds
Number of updated asset objects reloaded before import = 0
Number of asset objects unloaded after import = 15
========================================================================
Received Import Request.
  Time since last request: 0.000019 seconds.
  path: Assets/SubstanceAssets/LittleGamesPack/Prefabs/Individual Pieces/Cards/Diamonds/Card_Diamond3.prefab
  artifactKey: Guid(276a581c69768684e8a0fef01f93077a) Importer(815301076,1909f56bfc062723c751e8b465ee728b)
Start importing Assets/SubstanceAssets/LittleGamesPack/Prefabs/Individual Pieces/Cards/Diamonds/Card_Diamond3.prefab using Guid(276a581c69768684e8a0fef01f93077a) Importer(815301076,1909f56bfc062723c751e8b465ee728b) [PhysX] Initialized MultithreadedTaskDispatcher with 32 workers.
[PhysX] Initialized MultithreadedTaskDispatcher with 32 workers.
 -> (artifact id: '88c84f74826fb3ba0463889b73a1db0b') in 0.075450 seconds
Number of updated asset objects reloaded before import = 0
Number of asset objects unloaded after import = 15
========================================================================
Received Import Request.
  Time since last request: 0.000030 seconds.
  path: Assets/SubstanceAssets/LittleGamesPack/Prefabs/Individual Pieces/Cards/Spades/Card_Spade7.prefab
  artifactKey: Guid(43a65f7850aaa2a4a810e6e412524732) Importer(815301076,1909f56bfc062723c751e8b465ee728b)
Start importing Assets/SubstanceAssets/LittleGamesPack/Prefabs/Individual Pieces/Cards/Spades/Card_Spade7.prefab using Guid(43a65f7850aaa2a4a810e6e412524732) Importer(815301076,1909f56bfc062723c751e8b465ee728b) [PhysX] Initialized MultithreadedTaskDispatcher with 32 workers.
[PhysX] Initialized MultithreadedTaskDispatcher with 32 workers.
 -> (artifact id: 'a45098ad23590827bc2e9416625bdcfa') in 0.061664 seconds
Number of updated asset objects reloaded before import = 0
Number of asset objects unloaded after import = 15
========================================================================
Received Import Request.
  Time since last request: 47.943778 seconds.
  path: Assets/SubstanceAssets/LittleGamesPack/Models/Cards/Card_SpadeAce.fbx
  artifactKey: Guid(d00ffa82626fd1a42b3231af8ff8a4d4) Importer(815301076,1909f56bfc062723c751e8b465ee728b)
Start importing Assets/SubstanceAssets/LittleGamesPack/Models/Cards/Card_SpadeAce.fbx using Guid(d00ffa82626fd1a42b3231af8ff8a4d4) Importer(815301076,1909f56bfc062723c751e8b465ee728b) [PhysX] Initialized MultithreadedTaskDispatcher with 32 workers.
[PhysX] Initialized MultithreadedTaskDispatcher with 32 workers.
[PhysX] Initialized MultithreadedTaskDispatcher with 32 workers.
[PhysX] Initialized MultithreadedTaskDispatcher with 32 workers.
 -> (artifact id: 'df1a5ae5313359550829df2eee19bf3d') in 0.070870 seconds
Number of updated asset objects reloaded before import = 0
Number of asset objects unloaded after import = 8
========================================================================
Received Import Request.
  Time since last request: 0.000016 seconds.
  path: Assets/SubstanceAssets/LittleGamesPack/Prefabs/Assembled Prefabs/CardFan_Clubs.prefab
  artifactKey: Guid(316490f81d4871c4c957fd71fa0c7fd1) Importer(815301076,1909f56bfc062723c751e8b465ee728b)
Start importing Assets/SubstanceAssets/LittleGamesPack/Prefabs/Assembled Prefabs/CardFan_Clubs.prefab using Guid(316490f81d4871c4c957fd71fa0c7fd1) Importer(815301076,1909f56bfc062723c751e8b465ee728b) [PhysX] Initialized MultithreadedTaskDispatcher with 32 workers.
[PhysX] Initialized MultithreadedTaskDispatcher with 32 workers.
 -> (artifact id: '664d284fe2b09ae4337c17016712b7cc') in 0.138992 seconds
Number of updated asset objects reloaded before import = 0
Number of asset objects unloaded after import = 205
========================================================================
Received Import Request.
  Time since last request: 0.000030 seconds.
  path: Assets/SubstanceAssets/LittleGamesPack/Textures/CardsAndTables/CardsAndTables_Normal_OpenGL.png
  artifactKey: Guid(db050150839ec984d8c7a07e82fdc48e) Importer(815301076,1909f56bfc062723c751e8b465ee728b)
Start importing Assets/SubstanceAssets/LittleGamesPack/Textures/CardsAndTables/CardsAndTables_Normal_OpenGL.png using Guid(db050150839ec984d8c7a07e82fdc48e) Importer(815301076,1909f56bfc062723c751e8b465ee728b) [PhysX] Initialized MultithreadedTaskDispatcher with 32 workers.
[PhysX] Initialized MultithreadedTaskDispatcher with 32 workers.
 -> (artifact id: '80d02d84c51087910e9ff6d1c027389b') in 0.060943 seconds
Number of updated asset objects reloaded before import = 0
Number of asset objects unloaded after import = 2
========================================================================
Received Import Request.
  Time since last request: 0.000027 seconds.
  path: Assets/SubstanceAssets/LittleGamesPack/Models/Cards/CardTable.fbx
  artifactKey: Guid(e121f073111ef424ca6143f029c194e2) Importer(815301076,1909f56bfc062723c751e8b465ee728b)
Start importing Assets/SubstanceAssets/LittleGamesPack/Models/Cards/CardTable.fbx using Guid(e121f073111ef424ca6143f029c194e2) Importer(815301076,1909f56bfc062723c751e8b465ee728b) [PhysX] Initialized MultithreadedTaskDispatcher with 32 workers.
[PhysX] Initialized MultithreadedTaskDispatcher with 32 workers.
[PhysX] Initialized MultithreadedTaskDispatcher with 32 workers.
[PhysX] Initialized MultithreadedTaskDispatcher with 32 workers.
[PhysX] Initialized MultithreadedTaskDispatcher with 32 workers.
[PhysX] Initialized MultithreadedTaskDispatcher with 32 workers.
[PhysX] Initialized MultithreadedTaskDispatcher with 32 workers.
 -> (artifact id: 'e60f00d42e15fb993a63e4460e7c04aa') in 0.053441 seconds
Number of updated asset objects reloaded before import = 0
Number of asset objects unloaded after import = 16
========================================================================
Received Import Request.
  Time since last request: 542.479853 seconds.
  path: Assets/HQP STUDIOS/Low Poly Trees and Vegetation - Pack/Prefabs/Trees/Acacia Trees/Acacia Trees/Acacia_Tree_8.prefab
  artifactKey: Guid(528e02b8b3cc0084ea7ff7a5b403803d) Importer(815301076,1909f56bfc062723c751e8b465ee728b)
Start importing Assets/HQP STUDIOS/Low Poly Trees and Vegetation - Pack/Prefabs/Trees/Acacia Trees/Acacia Trees/Acacia_Tree_8.prefab using Guid(528e02b8b3cc0084ea7ff7a5b403803d) Importer(815301076,1909f56bfc062723c751e8b465ee728b) [PhysX] Initialized MultithreadedTaskDispatcher with 32 workers.
[PhysX] Initialized MultithreadedTaskDispatcher with 32 workers.
 -> (artifact id: '1ff54f29830f151e7948ae145135265a') in 0.024987 seconds
Number of updated asset objects reloaded before import = 0
Number of asset objects unloaded after import = 16
========================================================================
Received Import Request.
  Time since last request: 0.032277 seconds.
  path: Assets/HQP STUDIOS/Low Poly Trees and Vegetation - Pack/Prefabs/Trees/Acacia Trees/Acacia Trees/Acacia_Tree_9.prefab
  artifactKey: Guid(e697c41f6a59f5547ba66125cbabdad5) Importer(815301076,1909f56bfc062723c751e8b465ee728b)
Start importing Assets/HQP STUDIOS/Low Poly Trees and Vegetation - Pack/Prefabs/Trees/Acacia Trees/Acacia Trees/Acacia_Tree_9.prefab using Guid(e697c41f6a59f5547ba66125cbabdad5) Importer(815301076,1909f56bfc062723c751e8b465ee728b) [PhysX] Initialized MultithreadedTaskDispatcher with 32 workers.
[PhysX] Initialized MultithreadedTaskDispatcher with 32 workers.
 -> (artifact id: '0a10bc0ae369a423fc5670fdcae9803d') in 0.023311 seconds
Number of updated asset objects reloaded before import = 0
Number of asset objects unloaded after import = 16
========================================================================
Received Import Request.
  Time since last request: 0.024771 seconds.
  path: Assets/HQP STUDIOS/Low Poly Trees and Vegetation - Pack/Prefabs/Vegetation/Cactuses/Cactuses/Cactus_5.prefab
  artifactKey: Guid(9fb829794cb00a04d8bd506da1b01c6e) Importer(815301076,1909f56bfc062723c751e8b465ee728b)
Start importing Assets/HQP STUDIOS/Low Poly Trees and Vegetation - Pack/Prefabs/Vegetation/Cactuses/Cactuses/Cactus_5.prefab using Guid(9fb829794cb00a04d8bd506da1b01c6e) Importer(815301076,1909f56bfc062723c751e8b465ee728b) [PhysX] Initialized MultithreadedTaskDispatcher with 32 workers.
[PhysX] Initialized MultithreadedTaskDispatcher with 32 workers.
 -> (artifact id: 'ed5175d8b8738373e5657b32b7a6b37d') in 0.032325 seconds
Number of updated asset objects reloaded before import = 0
Number of asset objects unloaded after import = 15
========================================================================
Received Import Request.
  Time since last request: 0.000016 seconds.
  path: Assets/HQP STUDIOS/Low Poly Trees and Vegetation - Pack/Prefabs/Vegetation/Cactuses/Cactuses/Cactus_6.prefab
  artifactKey: Guid(62dbeac826d60b84d8f907e0749e6ab1) Importer(815301076,1909f56bfc062723c751e8b465ee728b)
Start importing Assets/HQP STUDIOS/Low Poly Trees and Vegetation - Pack/Prefabs/Vegetation/Cactuses/Cactuses/Cactus_6.prefab using Guid(62dbeac826d60b84d8f907e0749e6ab1) Importer(815301076,1909f56bfc062723c751e8b465ee728b) [PhysX] Initialized MultithreadedTaskDispatcher with 32 workers.
[PhysX] Initialized MultithreadedTaskDispatcher with 32 workers.
 -> (artifact id: '4292ee94f7f5a12a9339e80d54971c6e') in 0.149399 seconds
Number of updated asset objects reloaded before import = 0
Number of asset objects unloaded after import = 15
========================================================================
Received Import Request.
  Time since last request: 0.000017 seconds.
  path: Assets/HQP STUDIOS/Low Poly Trees and Vegetation - Pack/Prefabs/Vegetation/Cactuses/Cactuses/Cactus_4.prefab
  artifactKey: Guid(0cbdc828f6f292e4cb6b5d05fa1152fb) Importer(815301076,1909f56bfc062723c751e8b465ee728b)
Start importing Assets/HQP STUDIOS/Low Poly Trees and Vegetation - Pack/Prefabs/Vegetation/Cactuses/Cactuses/Cactus_4.prefab using Guid(0cbdc828f6f292e4cb6b5d05fa1152fb) Importer(815301076,1909f56bfc062723c751e8b465ee728b) [PhysX] Initialized MultithreadedTaskDispatcher with 32 workers.
[PhysX] Initialized MultithreadedTaskDispatcher with 32 workers.
 -> (artifact id: 'd9230169d1eba9fa0aaa8a0ea99e53b3') in 0.082094 seconds
Number of updated asset objects reloaded before import = 0
Number of asset objects unloaded after import = 15
Editor requested this worker to shutdown with reason: Scaling down because of idle timeout
TcpMessagingSession - receive error: operation aborted. errorcode: 995, details: The I/O operation has been aborted because of either a thread exit or an application request.
AssetImportWorker is now disconnected from the server
Process exiting
Exiting without the bug reporter. Application will terminate with return code 0