Using pre-set license
Built from '2022.3/staging' branch; Version is '2022.3.60f1 (5f63fdee6d95) revision 6251517'; Using compiler version '192829333'; Build Type 'Release'
OS: 'Windows 11  (10.0.22631) 64bit Enterprise' Language: 'en' Physical Memory: 65222 MB
BatchMode: 1, IsHumanControllingUs: 0, StartBugReporterOnCrash: 0, Is64bit: 1, IsPro: 1

COMMAND LINE ARGUMENTS:
C:\Program Files\Unity\Hub\Editor\2022.3.60f1\Editor\Unity.exe
-adb2
-batchMode
-noUpm
-name
AssetImportWorker47
-projectPath
C:/Users/PRSCAMPS/Documents/GitHub/NEWProjekt/noiceprojekt
-logFile
Logs/AssetImportWorker47.log
-srvPort
62549
Successfully changed project path to: C:/Users/PRSCAMPS/Documents/GitHub/NEWProjekt/noiceprojekt
C:/Users/PRSCAMPS/Documents/GitHub/NEWProjekt/noiceprojekt
[UnityMemory] Configuration Parameters - Can be set up in boot.config
    "memorysetup-bucket-allocator-granularity=16"
    "memorysetup-bucket-allocator-bucket-count=8"
    "memorysetup-bucket-allocator-block-size=33554432"
    "memorysetup-bucket-allocator-block-count=8"
    "memorysetup-main-allocator-block-size=16777216"
    "memorysetup-thread-allocator-block-size=16777216"
    "memorysetup-gfx-main-allocator-block-size=16777216"
    "memorysetup-gfx-thread-allocator-block-size=16777216"
    "memorysetup-cache-allocator-block-size=4194304"
    "memorysetup-typetree-allocator-block-size=2097152"
    "memorysetup-profiler-bucket-allocator-granularity=16"
    "memorysetup-profiler-bucket-allocator-bucket-count=8"
    "memorysetup-profiler-bucket-allocator-block-size=33554432"
    "memorysetup-profiler-bucket-allocator-block-count=8"
    "memorysetup-profiler-allocator-block-size=16777216"
    "memorysetup-profiler-editor-allocator-block-size=1048576"
    "memorysetup-temp-allocator-size-main=16777216"
    "memorysetup-job-temp-allocator-block-size=2097152"
    "memorysetup-job-temp-allocator-block-size-background=1048576"
    "memorysetup-job-temp-allocator-reduction-small-platforms=262144"
    "memorysetup-allocator-temp-initial-block-size-main=262144"
    "memorysetup-allocator-temp-initial-block-size-worker=262144"
    "memorysetup-temp-allocator-size-background-worker=32768"
    "memorysetup-temp-allocator-size-job-worker=262144"
    "memorysetup-temp-allocator-size-preload-manager=33554432"
    "memorysetup-temp-allocator-size-nav-mesh-worker=65536"
    "memorysetup-temp-allocator-size-audio-worker=65536"
    "memorysetup-temp-allocator-size-cloud-worker=32768"
    "memorysetup-temp-allocator-size-gi-baking-worker=262144"
    "memorysetup-temp-allocator-size-gfx=262144"
Player connection [43344]  Target information:

Player connection [43344]  * "[IP] 172.19.161.58 [Port] 0 [Flags] 2 [Guid] 174091151 [EditorId] 174091151 [Version] 1048832 [Id] WindowsEditor(7,B43-123-C03) [Debug] 1 [PackageName] WindowsEditor [ProjectName] Editor" 

Player connection [43344]  * "[IP] 192.168.56.1 [Port] 0 [Flags] 2 [Guid] 174091151 [EditorId] 174091151 [Version] 1048832 [Id] WindowsEditor(7,B43-123-C03) [Debug] 1 [PackageName] WindowsEditor [ProjectName] Editor" 

Player connection [43344]  * "[IP] 172.20.128.1 [Port] 0 [Flags] 2 [Guid] 174091151 [EditorId] 174091151 [Version] 1048832 [Id] WindowsEditor(7,B43-123-C03) [Debug] 1 [PackageName] WindowsEditor [ProjectName] Editor" 

Player connection [43344] Host joined multi-casting on [225.0.0.222:54997]...
Player connection [43344] Host joined alternative multi-casting on [225.0.0.222:34997]...
Input System module state changed to: Initialized.
[PhysX] Initialized MultithreadedTaskDispatcher with 32 workers.
Refreshing native plugins compatible for Editor in 7.18 ms, found 3 plugins.
Preloading 0 native plugins for Editor in 0.00 ms.
Initialize engine version: 2022.3.60f1 (5f63fdee6d95)
[Subsystems] Discovering subsystems at path C:/Program Files/Unity/Hub/Editor/2022.3.60f1/Editor/Data/Resources/UnitySubsystems
[Subsystems] Discovering subsystems at path C:/Users/PRSCAMPS/Documents/GitHub/NEWProjekt/noiceprojekt/Assets
GfxDevice: creating device client; threaded=0; jobified=0
Direct3D:
    Version:  Direct3D 11.0 [level 11.1]
    Renderer: NVIDIA GeForce RTX 4090 (ID=0x2684)
    Vendor:   NVIDIA
    VRAM:     24142 MB
    Driver:   32.0.15.7283
Initialize mono
Mono path[0] = 'C:/Program Files/Unity/Hub/Editor/2022.3.60f1/Editor/Data/Managed'
Mono path[1] = 'C:/Program Files/Unity/Hub/Editor/2022.3.60f1/Editor/Data/MonoBleedingEdge/lib/mono/unityjit-win32'
Mono config path = 'C:/Program Files/Unity/Hub/Editor/2022.3.60f1/Editor/Data/MonoBleedingEdge/etc'
Using monoOptions --debugger-agent=transport=dt_socket,embedding=1,server=y,suspend=n,address=127.0.0.1:56452
Begin MonoManager ReloadAssembly
Registering precompiled unity dll's ...
Register platform support module: C:/Program Files/Unity/Hub/Editor/2022.3.60f1/Editor/Data/PlaybackEngines/WebGLSupport/UnityEditor.WebGL.Extensions.dll
Register platform support module: C:/Program Files/Unity/Hub/Editor/2022.3.60f1/Editor/Data/PlaybackEngines/WindowsStandaloneSupport/UnityEditor.WindowsStandalone.Extensions.dll
Register platform support module: C:/Program Files/Unity/Hub/Editor/2022.3.60f1/Editor/Data/PlaybackEngines/MetroSupport/UnityEditor.UWP.Extensions.dll
Registered in 0.007191 seconds.
- Loaded All Assemblies, in  0.524 seconds
Native extension for UWP target not found
Native extension for WindowsStandalone target not found
Native extension for WebGL target not found
Mono: successfully reloaded assembly
- Finished resetting the current domain, in  0.193 seconds
Domain Reload Profiling: 716ms
	BeginReloadAssembly (232ms)
		ExecutionOrderSort (0ms)
		DisableScriptedObjects (0ms)
		BackupInstance (0ms)
		ReleaseScriptingObjects (0ms)
		CreateAndSetChildDomain (2ms)
	RebuildCommonClasses (40ms)
	RebuildNativeTypeToScriptingClass (8ms)
	initialDomainReloadingComplete (56ms)
	LoadAllAssembliesAndSetupDomain (187ms)
		LoadAssemblies (231ms)
		RebuildTransferFunctionScriptingTraits (0ms)
		AnalyzeDomain (184ms)
			TypeCache.Refresh (182ms)
				TypeCache.ScanAssembly (163ms)
			ScanForSourceGeneratedMonoScriptInfo (0ms)
			ResolveRequiredComponents (1ms)
	FinalizeReload (194ms)
		ReleaseScriptCaches (0ms)
		RebuildScriptCaches (0ms)
		SetupLoadedEditorAssemblies (160ms)
			LogAssemblyErrors (0ms)
			InitializePlatformSupportModulesInManaged (10ms)
			SetLoadedEditorAssemblies (4ms)
			RefreshPlugins (0ms)
			BeforeProcessingInitializeOnLoad (2ms)
			ProcessInitializeOnLoadAttributes (105ms)
			ProcessInitializeOnLoadMethodAttributes (40ms)
			AfterProcessingInitializeOnLoad (0ms)
			EditorAssembliesLoaded (0ms)
		ExecutionOrderSort2 (0ms)
		AwakeInstancesAfterBackupRestoration (0ms)
========================================================================
Worker process is ready to serve import requests
Caller must complete domain reload
Begin MonoManager ReloadAssembly
- Loaded All Assemblies, in  0.394 seconds
Native extension for UWP target not found
Native extension for WindowsStandalone target not found
Native extension for WebGL target not found
Mono: successfully reloaded assembly
- Finished resetting the current domain, in  0.319 seconds
Domain Reload Profiling: 711ms
	BeginReloadAssembly (85ms)
		ExecutionOrderSort (0ms)
		DisableScriptedObjects (3ms)
		BackupInstance (0ms)
		ReleaseScriptingObjects (0ms)
		CreateAndSetChildDomain (11ms)
	RebuildCommonClasses (18ms)
	RebuildNativeTypeToScriptingClass (6ms)
	initialDomainReloadingComplete (22ms)
	LoadAllAssembliesAndSetupDomain (262ms)
		LoadAssemblies (210ms)
		RebuildTransferFunctionScriptingTraits (0ms)
		AnalyzeDomain (103ms)
			TypeCache.Refresh (88ms)
				TypeCache.ScanAssembly (77ms)
			ScanForSourceGeneratedMonoScriptInfo (9ms)
			ResolveRequiredComponents (4ms)
	FinalizeReload (319ms)
		ReleaseScriptCaches (0ms)
		RebuildScriptCaches (0ms)
		SetupLoadedEditorAssemblies (241ms)
			LogAssemblyErrors (0ms)
			InitializePlatformSupportModulesInManaged (5ms)
			SetLoadedEditorAssemblies (2ms)
			RefreshPlugins (0ms)
			BeforeProcessingInitializeOnLoad (32ms)
			ProcessInitializeOnLoadAttributes (188ms)
			ProcessInitializeOnLoadMethodAttributes (11ms)
			AfterProcessingInitializeOnLoad (4ms)
			EditorAssembliesLoaded (0ms)
		ExecutionOrderSort2 (0ms)
		AwakeInstancesAfterBackupRestoration (6ms)
Launched and connected shader compiler UnityShaderCompiler.exe after 0.08 seconds
Refreshing native plugins compatible for Editor in 2.72 ms, found 3 plugins.
Preloading 0 native plugins for Editor in 0.00 ms.
Unloading 3369 Unused Serialized files (Serialized files now loaded: 0)
Unloading 32 unused Assets / (138.6 KB). Loaded Objects now: 3848.
Memory consumption went from 136.5 MB to 136.4 MB.
Total: 2.999500 ms (FindLiveObjects: 0.223300 ms CreateObjectMapping: 0.138300 ms MarkObjects: 2.503500 ms  DeleteObjects: 0.133100 ms)

AssetImportParameters requested are different than current active one (requested -> active):
  custom:container-demuxer-ogg: 62fdf1f143b41e24485cea50d1cbac27 -> 
  custom:video-codec-MediaFoundation-h265: 746d11721c4dcdbdad8f713fa42b33f4 -> 
  custom:video-decoder-ogg-theora: a1e56fd34408186e4bbccfd4996cb3dc -> 
  custom:framework-win-MediaFoundation: 216162199b28c13a410421893ffa2e32 -> 
  custom:CustomObjectIndexerAttribute: 9a22284fe3817be447336de3de66b15e -> 
  custom:container-demuxer-webm: 4f35f7cbe854078d1ac9338744f61a02 -> 
  custom:container-muxer-webm: aa71ff27fc2769a1b78a27578f13a17b -> 
  custom:video-decoder-webm-vp8: 9c59270c3fd7afecdb556c50c9e8de78 -> 
  custom:SearchIndexIgnoredProperties: e643bd26f0fe6173181afceb89e7c659 -> 
  custom:AudioImporter_EditorPlatform: d09bf68614088b80899f8185d706f6e7 -> 
  custom:video-encoder-webm-vp8: eb34c28f22e8b96e1ab97ce403110664 -> 
  custom:audio-decoder-ogg-vorbis: bf7c407c2cedff20999df2af8eb42d56 -> 
  custom:audio-encoder-webm-vorbis: bf7c407c2cedff20999df2af8eb42d56 -> 
========================================================================
Received Import Request.
  Time since last request: 47503.436945 seconds.
  path: Packages/com.unity.collab-proxy/Editor/Assets/Images/iconclipboard.png
  artifactKey: Guid(8d91317e8f7610f41a30fcb9c0d99196) Importer(815301076,1909f56bfc062723c751e8b465ee728b)
Start importing Packages/com.unity.collab-proxy/Editor/Assets/Images/iconclipboard.png using Guid(8d91317e8f7610f41a30fcb9c0d99196) Importer(815301076,1909f56bfc062723c751e8b465ee728b) [PhysX] Initialized MultithreadedTaskDispatcher with 32 workers.
[PhysX] Initialized MultithreadedTaskDispatcher with 32 workers.
 -> (artifact id: 'a63369a05d6d2a1b54162ac0bb24ad12') in 0.115166 seconds
Number of updated asset objects reloaded before import = 0
Number of asset objects unloaded after import = 3
========================================================================
Received Import Request.
  Time since last request: 54.000012 seconds.
  path: Assets/HQP STUDIOS/Low Poly Trees and Vegetation - Pack/Prefabs/Trees/Acacia Trees/Acacia Trees/Acacia_Tree_3.prefab
  artifactKey: Guid(6efbf9d76b5146e458ecba5c50698452) Importer(815301076,1909f56bfc062723c751e8b465ee728b)
Start importing Assets/HQP STUDIOS/Low Poly Trees and Vegetation - Pack/Prefabs/Trees/Acacia Trees/Acacia Trees/Acacia_Tree_3.prefab using Guid(6efbf9d76b5146e458ecba5c50698452) Importer(815301076,1909f56bfc062723c751e8b465ee728b) [PhysX] Initialized MultithreadedTaskDispatcher with 32 workers.
[PhysX] Initialized MultithreadedTaskDispatcher with 32 workers.
 -> (artifact id: '43286244aaa0142446eb51e80aae9d04') in 0.144692 seconds
Number of updated asset objects reloaded before import = 0
Number of asset objects unloaded after import = 16
========================================================================
Received Import Request.
  Time since last request: 0.484247 seconds.
  path: Assets/SubstanceAssets/LittleGamesPack/Prefabs/Individual Pieces/Cards/Clubs/Card_Club4.prefab
  artifactKey: Guid(c88d2bc2e8a4e0f4a94e90b25657eca8) Importer(815301076,1909f56bfc062723c751e8b465ee728b)
Start importing Assets/SubstanceAssets/LittleGamesPack/Prefabs/Individual Pieces/Cards/Clubs/Card_Club4.prefab using Guid(c88d2bc2e8a4e0f4a94e90b25657eca8) Importer(815301076,1909f56bfc062723c751e8b465ee728b) [PhysX] Initialized MultithreadedTaskDispatcher with 32 workers.
[PhysX] Initialized MultithreadedTaskDispatcher with 32 workers.
 -> (artifact id: '15dfde5b54ee51a5d672285d392fcf8c') in 0.298153 seconds
Number of updated asset objects reloaded before import = 0
Number of asset objects unloaded after import = 15
========================================================================
Received Import Request.
  Time since last request: 0.000018 seconds.
  path: Assets/SubstanceAssets/LittleGamesPack/Models/Cards/Card_Spade7.fbx
  artifactKey: Guid(b4938b6705d80614fa0e5fa8c9549f78) Importer(815301076,1909f56bfc062723c751e8b465ee728b)
Start importing Assets/SubstanceAssets/LittleGamesPack/Models/Cards/Card_Spade7.fbx using Guid(b4938b6705d80614fa0e5fa8c9549f78) Importer(815301076,1909f56bfc062723c751e8b465ee728b) [PhysX] Initialized MultithreadedTaskDispatcher with 32 workers.
[PhysX] Initialized MultithreadedTaskDispatcher with 32 workers.
[PhysX] Initialized MultithreadedTaskDispatcher with 32 workers.
[PhysX] Initialized MultithreadedTaskDispatcher with 32 workers.
 -> (artifact id: 'd2bc121a635d941325ab55e659113feb') in 0.051438 seconds
Number of updated asset objects reloaded before import = 0
Number of asset objects unloaded after import = 8
========================================================================
Received Import Request.
  Time since last request: 0.000034 seconds.
  path: Assets/SubstanceAssets/LittleGamesPack/Prefabs/Individual Pieces/Cards/Diamonds/Card_Diamond5.prefab
  artifactKey: Guid(773bff35bb5acbe448fc09a990f58640) Importer(815301076,1909f56bfc062723c751e8b465ee728b)
Start importing Assets/SubstanceAssets/LittleGamesPack/Prefabs/Individual Pieces/Cards/Diamonds/Card_Diamond5.prefab using Guid(773bff35bb5acbe448fc09a990f58640) Importer(815301076,1909f56bfc062723c751e8b465ee728b) [PhysX] Initialized MultithreadedTaskDispatcher with 32 workers.
[PhysX] Initialized MultithreadedTaskDispatcher with 32 workers.
 -> (artifact id: '525dcb5fb380d4867f1ebeabdb114733') in 0.076132 seconds
Number of updated asset objects reloaded before import = 0
Number of asset objects unloaded after import = 15
========================================================================
Received Import Request.
  Time since last request: 0.000018 seconds.
  path: Assets/SubstanceAssets/LittleGamesPack/Prefabs/Individual Pieces/Cards/Diamonds/Card_DiamondAce.prefab
  artifactKey: Guid(60425771b5b8d0c4aae2396f0e61e474) Importer(815301076,1909f56bfc062723c751e8b465ee728b)
Start importing Assets/SubstanceAssets/LittleGamesPack/Prefabs/Individual Pieces/Cards/Diamonds/Card_DiamondAce.prefab using Guid(60425771b5b8d0c4aae2396f0e61e474) Importer(815301076,1909f56bfc062723c751e8b465ee728b) [PhysX] Initialized MultithreadedTaskDispatcher with 32 workers.
[PhysX] Initialized MultithreadedTaskDispatcher with 32 workers.
 -> (artifact id: '8cef0b1898c6b54866baa39b82ad2854') in 0.078385 seconds
Number of updated asset objects reloaded before import = 0
Number of asset objects unloaded after import = 15
========================================================================
Received Import Request.
  Time since last request: 0.000040 seconds.
  path: Assets/SubstanceAssets/LittleGamesPack/Prefabs/Individual Pieces/Cards/Diamonds/Card_Diamond4.prefab
  artifactKey: Guid(29d6161b16de378468bf98bea7e7d085) Importer(815301076,1909f56bfc062723c751e8b465ee728b)
Start importing Assets/SubstanceAssets/LittleGamesPack/Prefabs/Individual Pieces/Cards/Diamonds/Card_Diamond4.prefab using Guid(29d6161b16de378468bf98bea7e7d085) Importer(815301076,1909f56bfc062723c751e8b465ee728b) [PhysX] Initialized MultithreadedTaskDispatcher with 32 workers.
[PhysX] Initialized MultithreadedTaskDispatcher with 32 workers.
 -> (artifact id: 'de6bdd11b99ff7b1cd3c175745389579') in 0.067784 seconds
Number of updated asset objects reloaded before import = 0
Number of asset objects unloaded after import = 15
========================================================================
Received Import Request.
  Time since last request: 0.000052 seconds.
  path: Assets/SubstanceAssets/LittleGamesPack/Prefabs/Individual Pieces/Cards/Clubs/Card_ClubJack.prefab
  artifactKey: Guid(622932214f41b5f4991ddf56e8795153) Importer(815301076,1909f56bfc062723c751e8b465ee728b)
Start importing Assets/SubstanceAssets/LittleGamesPack/Prefabs/Individual Pieces/Cards/Clubs/Card_ClubJack.prefab using Guid(622932214f41b5f4991ddf56e8795153) Importer(815301076,1909f56bfc062723c751e8b465ee728b) [PhysX] Initialized MultithreadedTaskDispatcher with 32 workers.
[PhysX] Initialized MultithreadedTaskDispatcher with 32 workers.
 -> (artifact id: '5406c57a637d1bbf53f8e85a74d1341d') in 0.068133 seconds
Number of updated asset objects reloaded before import = 0
Number of asset objects unloaded after import = 15
========================================================================
Received Import Request.
  Time since last request: 0.000043 seconds.
  path: Assets/SubstanceAssets/LittleGamesPack/Models/Cards/Card_Spade6.fbx
  artifactKey: Guid(b1d38f02a459368499fa08e8665e95d9) Importer(815301076,1909f56bfc062723c751e8b465ee728b)
Start importing Assets/SubstanceAssets/LittleGamesPack/Models/Cards/Card_Spade6.fbx using Guid(b1d38f02a459368499fa08e8665e95d9) Importer(815301076,1909f56bfc062723c751e8b465ee728b) [PhysX] Initialized MultithreadedTaskDispatcher with 32 workers.
[PhysX] Initialized MultithreadedTaskDispatcher with 32 workers.
[PhysX] Initialized MultithreadedTaskDispatcher with 32 workers.
[PhysX] Initialized MultithreadedTaskDispatcher with 32 workers.
 -> (artifact id: '2202251e7b14f130a2c26c8395eb23bc') in 0.025061 seconds
Number of updated asset objects reloaded before import = 0
Number of asset objects unloaded after import = 8
========================================================================
Received Import Request.
  Time since last request: 0.000015 seconds.
  path: Assets/SubstanceAssets/LittleGamesPack/Prefabs/Individual Pieces/Cards/Hearts/Card_Heart6.prefab
  artifactKey: Guid(286edfea7047e5d4b8aa6342df8db857) Importer(815301076,1909f56bfc062723c751e8b465ee728b)
Start importing Assets/SubstanceAssets/LittleGamesPack/Prefabs/Individual Pieces/Cards/Hearts/Card_Heart6.prefab using Guid(286edfea7047e5d4b8aa6342df8db857) Importer(815301076,1909f56bfc062723c751e8b465ee728b) [PhysX] Initialized MultithreadedTaskDispatcher with 32 workers.
[PhysX] Initialized MultithreadedTaskDispatcher with 32 workers.
 -> (artifact id: '3c0b3a52f9cc7e4358062e58737be0b2') in 0.054538 seconds
Number of updated asset objects reloaded before import = 0
Number of asset objects unloaded after import = 15
========================================================================
Received Import Request.
  Time since last request: 47.912764 seconds.
  path: Assets/SubstanceAssets/LittleGamesPack/Prefabs/Individual Pieces/Cards/Spades/Card_Spade10.prefab
  artifactKey: Guid(3faae46d5f2c1804b8511d577106abb7) Importer(815301076,1909f56bfc062723c751e8b465ee728b)
Start importing Assets/SubstanceAssets/LittleGamesPack/Prefabs/Individual Pieces/Cards/Spades/Card_Spade10.prefab using Guid(3faae46d5f2c1804b8511d577106abb7) Importer(815301076,1909f56bfc062723c751e8b465ee728b) [PhysX] Initialized MultithreadedTaskDispatcher with 32 workers.
[PhysX] Initialized MultithreadedTaskDispatcher with 32 workers.
 -> (artifact id: '9e877a5477f3c09037c45e12c40416ec') in 0.184406 seconds
Number of updated asset objects reloaded before import = 0
Number of asset objects unloaded after import = 15
========================================================================
Received Import Request.
  Time since last request: 0.000042 seconds.
  path: Assets/SubstanceAssets/LittleGamesPack/Prefabs/Assembled Prefabs/CardFan_Spades.prefab
  artifactKey: Guid(93f872e7fbee92648bce14832c947269) Importer(815301076,1909f56bfc062723c751e8b465ee728b)
Start importing Assets/SubstanceAssets/LittleGamesPack/Prefabs/Assembled Prefabs/CardFan_Spades.prefab using Guid(93f872e7fbee92648bce14832c947269) Importer(815301076,1909f56bfc062723c751e8b465ee728b) [PhysX] Initialized MultithreadedTaskDispatcher with 32 workers.
[PhysX] Initialized MultithreadedTaskDispatcher with 32 workers.
 -> (artifact id: '3d6cbd81289580b079f688f1025bb2eb') in 0.115664 seconds
Number of updated asset objects reloaded before import = 0
Number of asset objects unloaded after import = 205
Editor requested this worker to shutdown with reason: Scaling down because of idle timeout
TcpMessagingSession - receive error: operation aborted. errorcode: 995, details: The I/O operation has been aborted because of either a thread exit or an application request.
AssetImportWorker is now disconnected from the server
Process exiting
Exiting without the bug reporter. Application will terminate with return code 0